[{"target": -0.24237212757639703, "params": {"ai": 869.3317278149225, "c1": 1.9123324177973449, "coef": 0.20218956950288455, "dmpdz": -0.001246973171526724, "tau": 3007.408312611597}}, {"target": -0.23111128141248916, "params": {"ai": 1396.4029416623819, "c1": 2.6327888013327883, "coef": 0.4087575979358854, "dmpdz": -0.0005549802927831199, "tau": 2792.0299157930626}}, {"target": -0.021598817410699134, "params": {"ai": 713.8682647908322, "c1": 2.4070592699862496, "coef": 0.158186742598462, "dmpdz": -0.00015193709903684447, "tau": 4709.371001575968}}, {"target": -0.2739318652751601, "params": {"ai": 937.9549589082313, "c1": 2.2543629859868184, "coef": 0.4552800150095553, "dmpdz": -0.0007183111749376986, "tau": 3051.4798324433973}}, {"target": -0.3271983775050935, "params": {"ai": 882.5433301086254, "c1": 3.096414010656456, "coef": 0.47120037112662094, "dmpdz": -0.0009143911688260396, "tau": 3938.6802200853763}}, {"target": -0.16508653208476254, "params": {"ai": 713.8502211035609, "c1": 3.4092900896700127, "coef": 0.2823861280959437, "dmpdz": -0.00027213912212016534, "tau": 4712.6337939173045}}, {"target": -0.27987534501005573, "params": {"ai": 705.4320455199282, "c1": 4.648407774851258, "coef": 0.20344352361823234, "dmpdz": -0.001887918183394555, "tau": 4699.624128473946}}, {"target": -0.2863018047330508, "params": {"ai": 716.4126562175562, "c1": 1.333397706550456, "coef": 0.1558191853488523, "dmpdz": -0.0005412357971435733, "tau": 4710.331143417657}}, {"target": -0.26884455518058825, "params": {"ai": 1009.7199201220831, "c1": 4.373256901430242, "coef": 0.3492797509275569, "dmpdz": -0.0014533298278280138, "tau": 3941.263477350908}}, {"target": -0.04904579187101632, "params": {"ai": 1315.2139448965952, "c1": 4.536248614305087, "coef": 0.18466913211156977, "dmpdz": -0.00010156269799051838, "tau": 3458.340788899182}}]